Flow report for SM_1153_path_planning
Mon Feb 14 20:16:47 2022
Quartus Prime Version 19.1.0 Build 670 09/22/2019 SJ Lite Edition


---------------------
; Table of Contents ;
---------------------
  1. Legal Notice
  2. Flow Summary
  3. Flow Settings
  4. Flow Non-Default Global Settings
  5. Flow Elapsed Time
  6. Flow OS Summary
  7. Flow Log
  8. Flow Messages
  9. Flow Suppressed Messages



----------------
; Legal Notice ;
----------------
Copyright (C) 2019  Intel Corporation. All rights reserved.
Your use of Intel Corporation's design tools, logic functions 
and other software and tools, and any partner logic 
functions, and any output files from any of the foregoing 
(including device programming or simulation files), and any 
associated documentation or information are expressly subject 
to the terms and conditions of the Intel Program License 
Subscription Agreement, the Intel Quartus Prime License Agreement,
the Intel FPGA IP License Agreement, or other applicable license
agreement, including, without limitation, that your use is for
the sole purpose of programming logic devices manufactured by
Intel and sold by Intel or its authorized distributors.  Please
refer to the applicable agreement for further details, at
https://fpgasoftware.intel.com/eula.



+----------------------------------------------------------------------------------+
; Flow Summary                                                                     ;
+------------------------------------+---------------------------------------------+
; Flow Status                        ; Successful - Mon Feb 14 20:16:47 2022       ;
; Quartus Prime Version              ; 19.1.0 Build 670 09/22/2019 SJ Lite Edition ;
; Revision Name                      ; SM_1153_path_planning                       ;
; Top-level Entity Name              ; SM_1153_task_5                              ;
; Family                             ; Cyclone IV E                                ;
; Device                             ; EP4CE22F17C6                                ;
; Timing Models                      ; Final                                       ;
; Total logic elements               ; 4,762 / 22,320 ( 21 % )                     ;
;     Total combinational functions  ; 4,623 / 22,320 ( 21 % )                     ;
;     Dedicated logic registers      ; 1,049 / 22,320 ( 5 % )                      ;
; Total registers                    ; 1049                                        ;
; Total pins                         ; 37 / 154 ( 24 % )                           ;
; Total virtual pins                 ; 0                                           ;
; Total memory bits                  ; 0 / 608,256 ( 0 % )                         ;
; Embedded Multiplier 9-bit elements ; 0 / 132 ( 0 % )                             ;
; Total PLLs                         ; 0 / 4 ( 0 % )                               ;
+------------------------------------+---------------------------------------------+


+-------------------------------------------+
; Flow Settings                             ;
+-------------------+-----------------------+
; Option            ; Setting               ;
+-------------------+-----------------------+
; Start date & time ; 02/14/2022 19:47:48   ;
; Main task         ; Compilation           ;
; Revision Name     ; SM_1153_path_planning ;
+-------------------+-----------------------+


+-----------------------------------------------------------------------------------------------------------------------------------------------------------+
; Flow Non-Default Global Settings                                                                                                                          ;
+-------------------------------------+----------------------------------------+-----------------------+----------------+-----------------------------------+
; Assignment Name                     ; Value                                  ; Default Value         ; Entity Name    ; Section Id                        ;
+-------------------------------------+----------------------------------------+-----------------------+----------------+-----------------------------------+
; COMPILER_SIGNATURE_ID               ; 10995770589193.164484826716900         ; --                    ; --             ; --                                ;
; EDA_GENERATE_FUNCTIONAL_NETLIST     ; Off                                    ; --                    ; --             ; eda_board_design_timing           ;
; EDA_GENERATE_FUNCTIONAL_NETLIST     ; Off                                    ; --                    ; --             ; eda_timing_analysis               ;
; EDA_GENERATE_FUNCTIONAL_NETLIST     ; Off                                    ; --                    ; --             ; eda_board_design_boundary_scan    ;
; EDA_GENERATE_FUNCTIONAL_NETLIST     ; Off                                    ; --                    ; --             ; eda_board_design_signal_integrity ;
; EDA_GENERATE_FUNCTIONAL_NETLIST     ; Off                                    ; --                    ; --             ; eda_formal_verification           ;
; EDA_GENERATE_FUNCTIONAL_NETLIST     ; Off                                    ; --                    ; --             ; eda_board_design_symbol           ;
; EDA_OUTPUT_DATA_FORMAT              ; Verilog Hdl                            ; --                    ; --             ; eda_simulation                    ;
; EDA_SIMULATION_TOOL                 ; ModelSim-Altera (Verilog)              ; <None>                ; --             ; --                                ;
; EDA_TIME_SCALE                      ; 1 ps                                   ; --                    ; --             ; eda_simulation                    ;
; MAX_CORE_JUNCTION_TEMP              ; 85                                     ; --                    ; --             ; --                                ;
; MIN_CORE_JUNCTION_TEMP              ; 0                                      ; --                    ; --             ; --                                ;
; NOMINAL_CORE_SUPPLY_VOLTAGE         ; 1.2V                                   ; --                    ; --             ; --                                ;
; PARTITION_COLOR                     ; -- (Not supported for targeted family) ; --                    ; SM_1153_task_5 ; Top                               ;
; PARTITION_FITTER_PRESERVATION_LEVEL ; -- (Not supported for targeted family) ; --                    ; SM_1153_task_5 ; Top                               ;
; PARTITION_NETLIST_TYPE              ; -- (Not supported for targeted family) ; --                    ; SM_1153_task_5 ; Top                               ;
; PROJECT_OUTPUT_DIRECTORY            ; output_files                           ; --                    ; --             ; --                                ;
; TOP_LEVEL_ENTITY                    ; SM_1153_task_5                         ; SM_1153_path_planning ; --             ; --                                ;
+-------------------------------------+----------------------------------------+-----------------------+----------------+-----------------------------------+


+-----------------------------------------------------------------------------------------------------------------------------+
; Flow Elapsed Time                                                                                                           ;
+-------------------------+--------------+-------------------------+---------------------+------------------------------------+
; Module Name             ; Elapsed Time ; Average Processors Used ; Peak Virtual Memory ; Total CPU Time (on all processors) ;
+-------------------------+--------------+-------------------------+---------------------+------------------------------------+
; Analysis & Synthesis    ; 00:01:00     ; 1.0                     ; 4849 MB             ; 00:01:22                           ;
; Fitter                  ; 00:02:31     ; 1.1                     ; 5956 MB             ; 00:03:39                           ;
; Assembler               ; 00:00:03     ; 1.0                     ; 4694 MB             ; 00:00:02                           ;
; Timing Analyzer         ; 00:00:11     ; 2.0                     ; 4898 MB             ; 00:00:13                           ;
; EDA Netlist Writer      ; 00:00:03     ; 1.0                     ; 4655 MB             ; 00:00:04                           ;
; I/O Assignment Analysis ; 00:00:05     ; 1.0                     ; 4948 MB             ; 00:00:05                           ;
; Total                   ; 00:03:53     ; --                      ; --                  ; 00:05:25                           ;
+-------------------------+--------------+-------------------------+---------------------+------------------------------------+


+---------------------------------------------------------------------------------------+
; Flow OS Summary                                                                       ;
+-------------------------+------------------+------------+------------+----------------+
; Module Name             ; Machine Hostname ; OS Name    ; OS Version ; Processor type ;
+-------------------------+------------------+------------+------------+----------------+
; Analysis & Synthesis    ; LAPTOP-7NRCBSUJ  ; Windows 10 ; 10.0       ; x86_64         ;
; Fitter                  ; LAPTOP-7NRCBSUJ  ; Windows 10 ; 10.0       ; x86_64         ;
; Assembler               ; LAPTOP-7NRCBSUJ  ; Windows 10 ; 10.0       ; x86_64         ;
; Timing Analyzer         ; LAPTOP-7NRCBSUJ  ; Windows 10 ; 10.0       ; x86_64         ;
; EDA Netlist Writer      ; LAPTOP-7NRCBSUJ  ; Windows 10 ; 10.0       ; x86_64         ;
; I/O Assignment Analysis ; LAPTOP-7NRCBSUJ  ; Windows 10 ; 10.0       ; x86_64         ;
+-------------------------+------------------+------------+------------+----------------+


------------
; Flow Log ;
------------
quartus_map --read_settings_files=on --write_settings_files=off SM_1153_path_planning -c SM_1153_path_planning
quartus_fit --read_settings_files=off --write_settings_files=off SM_1153_path_planning -c SM_1153_path_planning
quartus_asm --read_settings_files=off --write_settings_files=off SM_1153_path_planning -c SM_1153_path_planning
quartus_sta SM_1153_path_planning -c SM_1153_path_planning
quartus_eda --read_settings_files=off --write_settings_files=off SM_1153_path_planning -c SM_1153_path_planning
quartus_fit --read_settings_files=on --write_settings_files=off SM_1153_path_planning -c SM_1153_path_planning --plan



