Analysis & Synthesis report for task4
Mon Jan 24 19:36:57 2022
Quartus Prime Version 19.1.0 Build 670 09/22/2019 SJ Lite Edition


---------------------
; Table of Contents ;
---------------------
  1. Legal Notice
  2. Analysis & Synthesis Summary
  3. Analysis & Synthesis Settings
  4. Parallel Compilation
  5. Analysis & Synthesis Source Files Read
  6. Analysis & Synthesis Resource Usage Summary
  7. Analysis & Synthesis Resource Utilization by Entity
  8. State Machine - |task4|SM1153_uart:inst7|r_state
  9. State Machine - |task4|SM1153_node_detection:inst9|current_state
 10. Registers Removed During Synthesis
 11. General Register Statistics
 12. Inverted Register Statistics
 13. Multiplexer Restructuring Statistics (Restructuring Performed)
 14. Parameter Settings for User Entity Instance: SM1153_adc_control:inst
 15. Parameter Settings for User Entity Instance: SM1153_line_follower:inst1
 16. Parameter Settings for User Entity Instance: SM1153_node_detection:inst9
 17. Parameter Settings for User Entity Instance: SM1153_PWM_Generator:inst2
 18. Parameter Settings for User Entity Instance: SM1153_PWM_Generator:inst3
 19. Parameter Settings for User Entity Instance: SM1153_PWM_Generator:inst4
 20. Parameter Settings for User Entity Instance: SM1153_PWM_Generator:inst5
 21. Parameter Settings for User Entity Instance: SM1153_colour_detection:inst6
 22. Parameter Settings for User Entity Instance: SM1153_uart:inst7
 23. Parameter Settings for Inferred Entity Instance: SM1153_line_follower:inst1|lpm_mult:Mult0
 24. lpm_mult Parameter Settings by Entity Instance
 25. Post-Synthesis Netlist Statistics for Top Partition
 26. Elapsed Time Per Partition
 27. Analysis & Synthesis Messages
 28. Analysis & Synthesis Suppressed Messages



----------------
; Legal Notice ;
----------------
Copyright (C) 2019  Intel Corporation. All rights reserved.
Your use of Intel Corporation's design tools, logic functions 
and other software and tools, and any partner logic 
functions, and any output files from any of the foregoing 
(including device programming or simulation files), and any 
associated documentation or information are expressly subject 
to the terms and conditions of the Intel Program License 
Subscription Agreement, the Intel Quartus Prime License Agreement,
the Intel FPGA IP License Agreement, or other applicable license
agreement, including, without limitation, that your use is for
the sole purpose of programming logic devices manufactured by
Intel and sold by Intel or its authorized distributors.  Please
refer to the applicable agreement for further details, at
https://fpgasoftware.intel.com/eula.



+----------------------------------------------------------------------------------+
; Analysis & Synthesis Summary                                                     ;
+------------------------------------+---------------------------------------------+
; Analysis & Synthesis Status        ; Successful - Mon Jan 24 19:36:57 2022       ;
; Quartus Prime Version              ; 19.1.0 Build 670 09/22/2019 SJ Lite Edition ;
; Revision Name                      ; task4                                       ;
; Top-level Entity Name              ; task4                                       ;
; Family                             ; Cyclone IV E                                ;
; Total logic elements               ; 784                                         ;
;     Total combinational functions  ; 734                                         ;
;     Dedicated logic registers      ; 444                                         ;
; Total registers                    ; 444                                         ;
; Total pins                         ; 88                                          ;
; Total virtual pins                 ; 0                                           ;
; Total memory bits                  ; 0                                           ;
; Embedded Multiplier 9-bit elements ; 0                                           ;
; Total PLLs                         ; 0                                           ;
+------------------------------------+---------------------------------------------+


+------------------------------------------------------------------------------------------------------------+
; Analysis & Synthesis Settings                                                                              ;
+------------------------------------------------------------------+--------------------+--------------------+
; Option                                                           ; Setting            ; Default Value      ;
+------------------------------------------------------------------+--------------------+--------------------+
; Device                                                           ; EP4CE22F17C6       ;                    ;
; Top-level entity name                                            ; task4              ; task4              ;
; Family name                                                      ; Cyclone IV E       ; Cyclone V          ;
; Use smart compilation                                            ; Off                ; Off                ;
; Enable parallel Assembler and Timing Analyzer during compilation ; On                 ; On                 ;
; Enable compact report table                                      ; Off                ; Off                ;
; Restructure Multiplexers                                         ; Auto               ; Auto               ;
; Create Debugging Nodes for IP Cores                              ; Off                ; Off                ;
; Preserve fewer node names                                        ; On                 ; On                 ;
; Intel FPGA IP Evaluation Mode                                    ; Enable             ; Enable             ;
; Verilog Version                                                  ; Verilog_2001       ; Verilog_2001       ;
; VHDL Version                                                     ; VHDL_1993          ; VHDL_1993          ;
; State Machine Processing                                         ; Auto               ; Auto               ;
; Safe State Machine                                               ; Off                ; Off                ;
; Extract Verilog State Machines                                   ; On                 ; On                 ;
; Extract VHDL State Machines                                      ; On                 ; On                 ;
; Ignore Verilog initial constructs                                ; Off                ; Off                ;
; Iteration limit for constant Verilog loops                       ; 5000               ; 5000               ;
; Iteration limit for non-constant Verilog loops                   ; 250                ; 250                ;
; Add Pass-Through Logic to Inferred RAMs                          ; On                 ; On                 ;
; Infer RAMs from Raw Logic                                        ; On                 ; On                 ;
; Parallel Synthesis                                               ; On                 ; On                 ;
; DSP Block Balancing                                              ; Auto               ; Auto               ;
; NOT Gate Push-Back                                               ; On                 ; On                 ;
; Power-Up Don't Care                                              ; On                 ; On                 ;
; Remove Redundant Logic Cells                                     ; Off                ; Off                ;
; Remove Duplicate Registers                                       ; On                 ; On                 ;
; Ignore CARRY Buffers                                             ; Off                ; Off                ;
; Ignore CASCADE Buffers                                           ; Off                ; Off                ;
; Ignore GLOBAL Buffers                                            ; Off                ; Off                ;
; Ignore ROW GLOBAL Buffers                                        ; Off                ; Off                ;
; Ignore LCELL Buffers                                             ; Off                ; Off                ;
; Ignore SOFT Buffers                                              ; On                 ; On                 ;
; Limit AHDL Integers to 32 Bits                                   ; Off                ; Off                ;
; Optimization Technique                                           ; Balanced           ; Balanced           ;
; Carry Chain Length                                               ; 70                 ; 70                 ;
; Auto Carry Chains                                                ; On                 ; On                 ;
; Auto Open-Drain Pins                                             ; On                 ; On                 ;
; Perform WYSIWYG Primitive Resynthesis                            ; Off                ; Off                ;
; Auto ROM Replacement                                             ; On                 ; On                 ;
; Auto RAM Replacement                                             ; On                 ; On                 ;
; Auto DSP Block Replacement                                       ; On                 ; On                 ;
; Auto Shift Register Replacement                                  ; Auto               ; Auto               ;
; Allow Shift Register Merging across Hierarchies                  ; Auto               ; Auto               ;
; Auto Clock Enable Replacement                                    ; On                 ; On                 ;
; Strict RAM Replacement                                           ; Off                ; Off                ;
; Allow Synchronous Control Signals                                ; On                 ; On                 ;
; Force Use of Synchronous Clear Signals                           ; Off                ; Off                ;
; Auto RAM Block Balancing                                         ; On                 ; On                 ;
; Auto RAM to Logic Cell Conversion                                ; Off                ; Off                ;
; Auto Resource Sharing                                            ; Off                ; Off                ;
; Allow Any RAM Size For Recognition                               ; Off                ; Off                ;
; Allow Any ROM Size For Recognition                               ; Off                ; Off                ;
; Allow Any Shift Register Size For Recognition                    ; Off                ; Off                ;
; Use LogicLock Constraints during Resource Balancing              ; On                 ; On                 ;
; Ignore translate_off and synthesis_off directives                ; Off                ; Off                ;
; Timing-Driven Synthesis                                          ; On                 ; On                 ;
; Report Parameter Settings                                        ; On                 ; On                 ;
; Report Source Assignments                                        ; On                 ; On                 ;
; Report Connectivity Checks                                       ; On                 ; On                 ;
; Ignore Maximum Fan-Out Assignments                               ; Off                ; Off                ;
; Synchronization Register Chain Length                            ; 2                  ; 2                  ;
; Power Optimization During Synthesis                              ; Normal compilation ; Normal compilation ;
; HDL message level                                                ; Level2             ; Level2             ;
; Suppress Register Optimization Related Messages                  ; Off                ; Off                ;
; Number of Removed Registers Reported in Synthesis Report         ; 5000               ; 5000               ;
; Number of Swept Nodes Reported in Synthesis Report               ; 5000               ; 5000               ;
; Number of Inverted Registers Reported in Synthesis Report        ; 100                ; 100                ;
; Clock MUX Protection                                             ; On                 ; On                 ;
; Auto Gated Clock Conversion                                      ; Off                ; Off                ;
; Block Design Naming                                              ; Auto               ; Auto               ;
; SDC constraint protection                                        ; Off                ; Off                ;
; Synthesis Effort                                                 ; Auto               ; Auto               ;
; Shift Register Replacement - Allow Asynchronous Clear Signal     ; On                 ; On                 ;
; Pre-Mapping Resynthesis Optimization                             ; Off                ; Off                ;
; Analysis & Synthesis Message Level                               ; Medium             ; Medium             ;
; Disable Register Merging Across Hierarchies                      ; Auto               ; Auto               ;
; Resource Aware Inference For Block RAM                           ; On                 ; On                 ;
+------------------------------------------------------------------+--------------------+--------------------+


+------------------------------------------+
; Parallel Compilation                     ;
+----------------------------+-------------+
; Processors                 ; Number      ;
+----------------------------+-------------+
; Number detected on machine ; 8           ;
; Maximum allowed            ; 8           ;
;                            ;             ;
; Average used               ; 1.00        ;
; Maximum used               ; 8           ;
;                            ;             ;
; Usage by Processor         ; % Time Used ;
;     Processor 1            ; 100.0%      ;
;     Processor 2            ;   0.1%      ;
;     Processor 3            ;   0.0%      ;
;     Processor 4            ;   0.0%      ;
;     Processor 5            ;   0.0%      ;
;     Processor 6            ;   0.0%      ;
;     Processors 7-8         ;   0.0%      ;
+----------------------------+-------------+


+------------------------------------------------------------------------------------------------------------------------------------------------------------------------------------+
; Analysis & Synthesis Source Files Read                                                                                                                                             ;
+----------------------------------+-----------------+------------------------------------+--------------------------------------------------------------------------------+---------+
; File Name with User-Entered Path ; Used in Netlist ; File Type                          ; File Name with Absolute Path                                                   ; Library ;
+----------------------------------+-----------------+------------------------------------+--------------------------------------------------------------------------------+---------+
; SM1153_line_follower.v           ; yes             ; User Verilog HDL File              ; C:/Users/Saksham/Desktop/adc_test/SM#1153_Task4/SM1153_line_follower.v         ;         ;
; SM1153_node_detection.v          ; yes             ; User Verilog HDL File              ; C:/Users/Saksham/Desktop/adc_test/SM#1153_Task4/SM1153_node_detection.v        ;         ;
; SM1153_adc_control.v             ; yes             ; User Verilog HDL File              ; C:/Users/Saksham/Desktop/adc_test/SM#1153_Task4/SM1153_adc_control.v           ;         ;
; SM1153_PWM_Generator.v           ; yes             ; User Verilog HDL File              ; C:/Users/Saksham/Desktop/adc_test/SM#1153_Task4/SM1153_PWM_Generator.v         ;         ;
; SM1153_colour_detection.v        ; yes             ; User Verilog HDL File              ; C:/Users/Saksham/Desktop/adc_test/SM#1153_Task4/SM1153_colour_detection.v      ;         ;
; SM1153_uart.v                    ; yes             ; User Verilog HDL File              ; C:/Users/Saksham/Desktop/adc_test/SM#1153_Task4/SM1153_uart.v                  ;         ;
; SM1153_led_output.v              ; yes             ; User Verilog HDL File              ; C:/Users/Saksham/Desktop/adc_test/SM#1153_Task4/SM1153_led_output.v            ;         ;
; task4.bdf                        ; yes             ; User Block Diagram/Schematic File  ; C:/Users/Saksham/Desktop/adc_test/SM#1153_Task4/task4.bdf                      ;         ;
; lpm_mult.tdf                     ; yes             ; Megafunction                       ; c:/intelfpga_lite/19.1/quartus/libraries/megafunctions/lpm_mult.tdf            ;         ;
; aglobal191.inc                   ; yes             ; Megafunction                       ; c:/intelfpga_lite/19.1/quartus/libraries/megafunctions/aglobal191.inc          ;         ;
; lpm_add_sub.inc                  ; yes             ; Megafunction                       ; c:/intelfpga_lite/19.1/quartus/libraries/megafunctions/lpm_add_sub.inc         ;         ;
; multcore.inc                     ; yes             ; Megafunction                       ; c:/intelfpga_lite/19.1/quartus/libraries/megafunctions/multcore.inc            ;         ;
; bypassff.inc                     ; yes             ; Megafunction                       ; c:/intelfpga_lite/19.1/quartus/libraries/megafunctions/bypassff.inc            ;         ;
; altshift.inc                     ; yes             ; Megafunction                       ; c:/intelfpga_lite/19.1/quartus/libraries/megafunctions/altshift.inc            ;         ;
; multcore.tdf                     ; yes             ; Megafunction                       ; c:/intelfpga_lite/19.1/quartus/libraries/megafunctions/multcore.tdf            ;         ;
; csa_add.inc                      ; yes             ; Megafunction                       ; c:/intelfpga_lite/19.1/quartus/libraries/megafunctions/csa_add.inc             ;         ;
; mpar_add.inc                     ; yes             ; Megafunction                       ; c:/intelfpga_lite/19.1/quartus/libraries/megafunctions/mpar_add.inc            ;         ;
; muleabz.inc                      ; yes             ; Megafunction                       ; c:/intelfpga_lite/19.1/quartus/libraries/megafunctions/muleabz.inc             ;         ;
; mul_lfrg.inc                     ; yes             ; Megafunction                       ; c:/intelfpga_lite/19.1/quartus/libraries/megafunctions/mul_lfrg.inc            ;         ;
; mul_boothc.inc                   ; yes             ; Megafunction                       ; c:/intelfpga_lite/19.1/quartus/libraries/megafunctions/mul_boothc.inc          ;         ;
; alt_ded_mult.inc                 ; yes             ; Megafunction                       ; c:/intelfpga_lite/19.1/quartus/libraries/megafunctions/alt_ded_mult.inc        ;         ;
; alt_ded_mult_y.inc               ; yes             ; Megafunction                       ; c:/intelfpga_lite/19.1/quartus/libraries/megafunctions/alt_ded_mult_y.inc      ;         ;
; dffpipe.inc                      ; yes             ; Megafunction                       ; c:/intelfpga_lite/19.1/quartus/libraries/megafunctions/dffpipe.inc             ;         ;
; mpar_add.tdf                     ; yes             ; Megafunction                       ; c:/intelfpga_lite/19.1/quartus/libraries/megafunctions/mpar_add.tdf            ;         ;
; lpm_add_sub.tdf                  ; yes             ; Megafunction                       ; c:/intelfpga_lite/19.1/quartus/libraries/megafunctions/lpm_add_sub.tdf         ;         ;
; addcore.inc                      ; yes             ; Megafunction                       ; c:/intelfpga_lite/19.1/quartus/libraries/megafunctions/addcore.inc             ;         ;
; look_add.inc                     ; yes             ; Megafunction                       ; c:/intelfpga_lite/19.1/quartus/libraries/megafunctions/look_add.inc            ;         ;
; alt_stratix_add_sub.inc          ; yes             ; Megafunction                       ; c:/intelfpga_lite/19.1/quartus/libraries/megafunctions/alt_stratix_add_sub.inc ;         ;
; db/add_sub_1jh.tdf               ; yes             ; Auto-Generated Megafunction        ; C:/Users/Saksham/Desktop/adc_test/SM#1153_Task4/db/add_sub_1jh.tdf             ;         ;
; altshift.tdf                     ; yes             ; Megafunction                       ; c:/intelfpga_lite/19.1/quartus/libraries/megafunctions/altshift.tdf            ;         ;
+----------------------------------+-----------------+------------------------------------+--------------------------------------------------------------------------------+---------+


+------------------------------------------------------------+
; Analysis & Synthesis Resource Usage Summary                ;
+---------------------------------------------+--------------+
; Resource                                    ; Usage        ;
+---------------------------------------------+--------------+
; Estimated Total logic elements              ; 784          ;
;                                             ;              ;
; Total combinational functions               ; 734          ;
; Logic element usage by number of LUT inputs ;              ;
;     -- 4 input functions                    ; 227          ;
;     -- 3 input functions                    ; 148          ;
;     -- <=2 input functions                  ; 359          ;
;                                             ;              ;
; Logic elements by mode                      ;              ;
;     -- normal mode                          ; 449          ;
;     -- arithmetic mode                      ; 285          ;
;                                             ;              ;
; Total registers                             ; 444          ;
;     -- Dedicated logic registers            ; 444          ;
;     -- I/O registers                        ; 0            ;
;                                             ;              ;
; I/O pins                                    ; 88           ;
;                                             ;              ;
; Embedded Multiplier 9-bit elements          ; 0            ;
;                                             ;              ;
; Maximum fan-out node                        ; clk_50~input ;
; Maximum fan-out                             ; 287          ;
; Total fan-out                               ; 3524         ;
; Average fan-out                             ; 2.60         ;
+---------------------------------------------+--------------+


+----------------------------------------------------------------------------------------------------------------------------------------------------------------------------------------------------------------------------------------------------------------------------------------------------------------------------------------------------------+
; Analysis & Synthesis Resource Utilization by Entity                                                                                                                                                                                                                                                                                                      ;
+------------------------------------------------+---------------------+---------------------------+-------------+--------------+---------+-----------+------+--------------+-------------------------------------------------------------------------------------------------------------------------------------+-------------------------+--------------+
; Compilation Hierarchy Node                     ; Combinational ALUTs ; Dedicated Logic Registers ; Memory Bits ; DSP Elements ; DSP 9x9 ; DSP 18x18 ; Pins ; Virtual Pins ; Full Hierarchy Name                                                                                                                 ; Entity Name             ; Library Name ;
+------------------------------------------------+---------------------+---------------------------+-------------+--------------+---------+-----------+------+--------------+-------------------------------------------------------------------------------------------------------------------------------------+-------------------------+--------------+
; |task4                                         ; 734 (0)             ; 444 (0)                   ; 0           ; 0            ; 0       ; 0         ; 88   ; 0            ; |task4                                                                                                                              ; task4                   ; work         ;
;    |SM1153_PWM_Generator:inst2|                ; 53 (53)             ; 27 (27)                   ; 0           ; 0            ; 0       ; 0         ; 0    ; 0            ; |task4|SM1153_PWM_Generator:inst2                                                                                                   ; SM1153_PWM_Generator    ; work         ;
;    |SM1153_PWM_Generator:inst3|                ; 20 (20)             ; 14 (14)                   ; 0           ; 0            ; 0       ; 0         ; 0    ; 0            ; |task4|SM1153_PWM_Generator:inst3                                                                                                   ; SM1153_PWM_Generator    ; work         ;
;    |SM1153_PWM_Generator:inst4|                ; 33 (33)             ; 14 (14)                   ; 0           ; 0            ; 0       ; 0         ; 0    ; 0            ; |task4|SM1153_PWM_Generator:inst4                                                                                                   ; SM1153_PWM_Generator    ; work         ;
;    |SM1153_PWM_Generator:inst5|                ; 20 (20)             ; 14 (14)                   ; 0           ; 0            ; 0       ; 0         ; 0    ; 0            ; |task4|SM1153_PWM_Generator:inst5                                                                                                   ; SM1153_PWM_Generator    ; work         ;
;    |SM1153_adc_control:inst|                   ; 40 (40)             ; 66 (66)                   ; 0           ; 0            ; 0       ; 0         ; 0    ; 0            ; |task4|SM1153_adc_control:inst                                                                                                      ; SM1153_adc_control      ; work         ;
;    |SM1153_colour_detection:inst6|             ; 237 (237)           ; 140 (140)                 ; 0           ; 0            ; 0       ; 0         ; 0    ; 0            ; |task4|SM1153_colour_detection:inst6                                                                                                ; SM1153_colour_detection ; work         ;
;    |SM1153_led_output:inst8|                   ; 5 (5)               ; 3 (3)                     ; 0           ; 0            ; 0       ; 0         ; 0    ; 0            ; |task4|SM1153_led_output:inst8                                                                                                      ; SM1153_led_output       ; work         ;
;    |SM1153_line_follower:inst1|                ; 143 (135)           ; 77 (77)                   ; 0           ; 0            ; 0       ; 0         ; 0    ; 0            ; |task4|SM1153_line_follower:inst1                                                                                                   ; SM1153_line_follower    ; work         ;
;       |lpm_mult:Mult0|                         ; 8 (0)               ; 0 (0)                     ; 0           ; 0            ; 0       ; 0         ; 0    ; 0            ; |task4|SM1153_line_follower:inst1|lpm_mult:Mult0                                                                                    ; lpm_mult                ; work         ;
;          |multcore:mult_core|                  ; 8 (5)               ; 0 (0)                     ; 0           ; 0            ; 0       ; 0         ; 0    ; 0            ; |task4|SM1153_line_follower:inst1|lpm_mult:Mult0|multcore:mult_core                                                                 ; multcore                ; work         ;
;             |mpar_add:padder|                  ; 3 (0)               ; 0 (0)                     ; 0           ; 0            ; 0       ; 0         ; 0    ; 0            ; |task4|SM1153_line_follower:inst1|lpm_mult:Mult0|multcore:mult_core|mpar_add:padder                                                 ; mpar_add                ; work         ;
;                |lpm_add_sub:adder[0]|          ; 3 (0)               ; 0 (0)                     ; 0           ; 0            ; 0       ; 0         ; 0    ; 0            ; |task4|SM1153_line_follower:inst1|lpm_mult:Mult0|multcore:mult_core|mpar_add:padder|lpm_add_sub:adder[0]                            ; lpm_add_sub             ; work         ;
;                   |add_sub_1jh:auto_generated| ; 3 (3)               ; 0 (0)                     ; 0           ; 0            ; 0       ; 0         ; 0    ; 0            ; |task4|SM1153_line_follower:inst1|lpm_mult:Mult0|multcore:mult_core|mpar_add:padder|lpm_add_sub:adder[0]|add_sub_1jh:auto_generated ; add_sub_1jh             ; work         ;
;    |SM1153_node_detection:inst9|               ; 58 (58)             ; 43 (43)                   ; 0           ; 0            ; 0       ; 0         ; 0    ; 0            ; |task4|SM1153_node_detection:inst9                                                                                                  ; SM1153_node_detection   ; work         ;
;    |SM1153_uart:inst7|                         ; 125 (125)           ; 46 (46)                   ; 0           ; 0            ; 0       ; 0         ; 0    ; 0            ; |task4|SM1153_uart:inst7                                                                                                            ; SM1153_uart             ; work         ;
+------------------------------------------------+---------------------+---------------------------+-------------+--------------+---------+-----------+------+--------------+-------------------------------------------------------------------------------------------------------------------------------------+-------------------------+--------------+
Note: For table entries with two numbers listed, the numbers in parentheses indicate the number of resources of the given type used by the specific entity alone. The numbers listed outside of parentheses indicate the total resources of the given type used by the specific entity and all of its sub-entities in the hierarchy.


Encoding Type:  One-Hot
+-----------------------------------------------------------------------------------------------------------------------------------------+
; State Machine - |task4|SM1153_uart:inst7|r_state                                                                                        ;
+----------------------+--------------+-----------------+---------------------+---------------------+----------------------+--------------+
; Name                 ; r_state.rest ; r_state.cleanup ; r_state.tx_stop_bit ; r_state.tx_data_bit ; r_state.tx_start_bit ; r_state.IDLE ;
+----------------------+--------------+-----------------+---------------------+---------------------+----------------------+--------------+
; r_state.IDLE         ; 0            ; 0               ; 0                   ; 0                   ; 0                    ; 0            ;
; r_state.tx_start_bit ; 0            ; 0               ; 0                   ; 0                   ; 1                    ; 1            ;
; r_state.tx_data_bit  ; 0            ; 0               ; 0                   ; 1                   ; 0                    ; 1            ;
; r_state.tx_stop_bit  ; 0            ; 0               ; 1                   ; 0                   ; 0                    ; 1            ;
; r_state.cleanup      ; 0            ; 1               ; 0                   ; 0                   ; 0                    ; 1            ;
; r_state.rest         ; 1            ; 0               ; 0                   ; 0                   ; 0                    ; 1            ;
+----------------------+--------------+-----------------+---------------------+---------------------+----------------------+--------------+


Encoding Type:  One-Hot
+-----------------------------------------------------------------------------------+
; State Machine - |task4|SM1153_node_detection:inst9|current_state                  ;
+--------------------+--------------------+--------------------+--------------------+
; Name               ; current_state.IDLE ; current_state.rest ; current_state.node ;
+--------------------+--------------------+--------------------+--------------------+
; current_state.IDLE ; 0                  ; 0                  ; 0                  ;
; current_state.node ; 1                  ; 0                  ; 1                  ;
; current_state.rest ; 1                  ; 1                  ; 0                  ;
+--------------------+--------------------+--------------------+--------------------+


+-----------------------------------------------------------------------------------------------------------+
; Registers Removed During Synthesis                                                                        ;
+---------------------------------------------------+-------------------------------------------------------+
; Register name                                     ; Reason for Removal                                    ;
+---------------------------------------------------+-------------------------------------------------------+
; SM1153_line_follower:inst1|motor_b1[1,3,4,7]      ; Stuck at GND due to stuck port data_in                ;
; SM1153_line_follower:inst1|motor_a1[1,3,4,7]      ; Stuck at GND due to stuck port data_in                ;
; SM1153_node_detection:inst9|error_temp[0,3]       ; Stuck at GND due to stuck port data_in                ;
; SM1153_line_follower:inst1|motor_b1[5,6]          ; Merged with SM1153_line_follower:inst1|motor_b1[2]    ;
; SM1153_line_follower:inst1|motor_a1[5,6]          ; Merged with SM1153_line_follower:inst1|motor_a1[2]    ;
; SM1153_line_follower:inst1|error[4..7]            ; Merged with SM1153_line_follower:inst1|error[2]       ;
; SM1153_PWM_Generator:inst3|counter[12]            ; Merged with SM1153_PWM_Generator:inst2|counter[12]    ;
; SM1153_PWM_Generator:inst4|counter[12]            ; Merged with SM1153_PWM_Generator:inst2|counter[12]    ;
; SM1153_PWM_Generator:inst5|counter[12]            ; Merged with SM1153_PWM_Generator:inst2|counter[12]    ;
; SM1153_PWM_Generator:inst3|counter[11]            ; Merged with SM1153_PWM_Generator:inst2|counter[11]    ;
; SM1153_PWM_Generator:inst4|counter[11]            ; Merged with SM1153_PWM_Generator:inst2|counter[11]    ;
; SM1153_PWM_Generator:inst5|counter[11]            ; Merged with SM1153_PWM_Generator:inst2|counter[11]    ;
; SM1153_PWM_Generator:inst3|counter[10]            ; Merged with SM1153_PWM_Generator:inst2|counter[10]    ;
; SM1153_PWM_Generator:inst4|counter[10]            ; Merged with SM1153_PWM_Generator:inst2|counter[10]    ;
; SM1153_PWM_Generator:inst5|counter[10]            ; Merged with SM1153_PWM_Generator:inst2|counter[10]    ;
; SM1153_PWM_Generator:inst3|counter[9]             ; Merged with SM1153_PWM_Generator:inst2|counter[9]     ;
; SM1153_PWM_Generator:inst4|counter[9]             ; Merged with SM1153_PWM_Generator:inst2|counter[9]     ;
; SM1153_PWM_Generator:inst5|counter[9]             ; Merged with SM1153_PWM_Generator:inst2|counter[9]     ;
; SM1153_PWM_Generator:inst3|counter[8]             ; Merged with SM1153_PWM_Generator:inst2|counter[8]     ;
; SM1153_PWM_Generator:inst4|counter[8]             ; Merged with SM1153_PWM_Generator:inst2|counter[8]     ;
; SM1153_PWM_Generator:inst5|counter[8]             ; Merged with SM1153_PWM_Generator:inst2|counter[8]     ;
; SM1153_PWM_Generator:inst3|counter[7]             ; Merged with SM1153_PWM_Generator:inst2|counter[7]     ;
; SM1153_PWM_Generator:inst4|counter[7]             ; Merged with SM1153_PWM_Generator:inst2|counter[7]     ;
; SM1153_PWM_Generator:inst5|counter[7]             ; Merged with SM1153_PWM_Generator:inst2|counter[7]     ;
; SM1153_PWM_Generator:inst3|counter[6]             ; Merged with SM1153_PWM_Generator:inst2|counter[6]     ;
; SM1153_PWM_Generator:inst4|counter[6]             ; Merged with SM1153_PWM_Generator:inst2|counter[6]     ;
; SM1153_PWM_Generator:inst5|counter[6]             ; Merged with SM1153_PWM_Generator:inst2|counter[6]     ;
; SM1153_PWM_Generator:inst3|counter[5]             ; Merged with SM1153_PWM_Generator:inst2|counter[5]     ;
; SM1153_PWM_Generator:inst4|counter[5]             ; Merged with SM1153_PWM_Generator:inst2|counter[5]     ;
; SM1153_PWM_Generator:inst5|counter[5]             ; Merged with SM1153_PWM_Generator:inst2|counter[5]     ;
; SM1153_PWM_Generator:inst3|counter[4]             ; Merged with SM1153_PWM_Generator:inst2|counter[4]     ;
; SM1153_PWM_Generator:inst4|counter[4]             ; Merged with SM1153_PWM_Generator:inst2|counter[4]     ;
; SM1153_PWM_Generator:inst5|counter[4]             ; Merged with SM1153_PWM_Generator:inst2|counter[4]     ;
; SM1153_PWM_Generator:inst3|counter[3]             ; Merged with SM1153_PWM_Generator:inst2|counter[3]     ;
; SM1153_PWM_Generator:inst4|counter[3]             ; Merged with SM1153_PWM_Generator:inst2|counter[3]     ;
; SM1153_PWM_Generator:inst5|counter[3]             ; Merged with SM1153_PWM_Generator:inst2|counter[3]     ;
; SM1153_PWM_Generator:inst3|counter[2]             ; Merged with SM1153_PWM_Generator:inst2|counter[2]     ;
; SM1153_PWM_Generator:inst4|counter[2]             ; Merged with SM1153_PWM_Generator:inst2|counter[2]     ;
; SM1153_PWM_Generator:inst5|counter[2]             ; Merged with SM1153_PWM_Generator:inst2|counter[2]     ;
; SM1153_PWM_Generator:inst3|counter[1]             ; Merged with SM1153_PWM_Generator:inst2|counter[1]     ;
; SM1153_PWM_Generator:inst4|counter[1]             ; Merged with SM1153_PWM_Generator:inst2|counter[1]     ;
; SM1153_PWM_Generator:inst5|counter[1]             ; Merged with SM1153_PWM_Generator:inst2|counter[1]     ;
; SM1153_PWM_Generator:inst3|counter[0]             ; Merged with SM1153_PWM_Generator:inst2|counter[0]     ;
; SM1153_PWM_Generator:inst4|counter[0]             ; Merged with SM1153_PWM_Generator:inst2|counter[0]     ;
; SM1153_PWM_Generator:inst5|counter[0]             ; Merged with SM1153_PWM_Generator:inst2|counter[0]     ;
; SM1153_node_detection:inst9|error_temp[2,4..7]    ; Merged with SM1153_node_detection:inst9|error_temp[1] ;
; SM1153_line_follower:inst1|p[4..7]                ; Merged with SM1153_line_follower:inst1|p[2]           ;
; SM1153_line_follower:inst1|previous_error[2,4..7] ; Merged with SM1153_line_follower:inst1|p[2]           ;
; SM1153_line_follower:inst1|previous_error[3]      ; Merged with SM1153_line_follower:inst1|p[3]           ;
; SM1153_line_follower:inst1|previous_error[1]      ; Merged with SM1153_line_follower:inst1|p[1]           ;
; SM1153_line_follower:inst1|previous_error[0]      ; Merged with SM1153_line_follower:inst1|p[0]           ;
; SM1153_line_follower:inst1|d[6,7]                 ; Merged with SM1153_line_follower:inst1|d[5]           ;
; SM1153_line_follower:inst1|i[0..7]                ; Lost fanout                                           ;
; SM1153_adc_control:inst|d_out_ch5_temp[0,1]       ; Lost fanout                                           ;
; SM1153_adc_control:inst|d_out_ch6_temp[0,1]       ; Lost fanout                                           ;
; SM1153_adc_control:inst|d_out_ch7_temp[0,1]       ; Lost fanout                                           ;
; SM1153_uart:inst7|r_data_bits[7]                  ; Stuck at GND due to stuck port data_in                ;
; SM1153_uart:inst7|r_state~2                       ; Lost fanout                                           ;
; SM1153_uart:inst7|r_state~3                       ; Lost fanout                                           ;
; SM1153_uart:inst7|r_state~4                       ; Lost fanout                                           ;
; SM1153_node_detection:inst9|current_state~7       ; Lost fanout                                           ;
; SM1153_colour_detection:inst6|temp[3]             ; Stuck at GND due to stuck port data_in                ;
; Total Number of Removed Registers = 96            ;                                                       ;
+---------------------------------------------------+-------------------------------------------------------+


+------------------------------------------------------+
; General Register Statistics                          ;
+----------------------------------------------+-------+
; Statistic                                    ; Value ;
+----------------------------------------------+-------+
; Total registers                              ; 444   ;
; Number of registers using Synchronous Clear  ; 142   ;
; Number of registers using Synchronous Load   ; 0     ;
; Number of registers using Asynchronous Clear ; 48    ;
; Number of registers using Asynchronous Load  ; 0     ;
; Number of registers using Clock Enable       ; 238   ;
; Number of registers using Preset             ; 0     ;
+----------------------------------------------+-------+


+----------------------------------------------------+
; Inverted Register Statistics                       ;
+------------------------------------------+---------+
; Inverted Register                        ; Fan out ;
+------------------------------------------+---------+
; SM1153_colour_detection:inst6|temp[0]    ; 12      ;
; SM1153_adc_control:inst|addr[0]          ; 6       ;
; SM1153_colour_detection:inst6|counter[0] ; 3       ;
; SM1153_uart:inst7|count_colors[0]        ; 8       ;
; Total number of inverted registers = 4   ;         ;
+------------------------------------------+---------+


+-----------------------------------------------------------------------------------------------------------------------------------------------------------------+
; Multiplexer Restructuring Statistics (Restructuring Performed)                                                                                                  ;
+--------------------+-----------+---------------+----------------------+------------------------+------------+---------------------------------------------------+
; Multiplexer Inputs ; Bus Width ; Baseline Area ; Area if Restructured ; Saving if Restructured ; Registered ; Example Multiplexer Output                        ;
+--------------------+-----------+---------------+----------------------+------------------------+------------+---------------------------------------------------+
; 3:1                ; 32 bits   ; 64 LEs        ; 32 LEs               ; 32 LEs                 ; Yes        ; |task4|SM1153_node_detection:inst9|count_delay[0] ;
; 8:1                ; 3 bits    ; 15 LEs        ; 12 LEs               ; 3 LEs                  ; Yes        ; |task4|SM1153_line_follower:inst1|error[0]        ;
; 4:1                ; 2 bits    ; 4 LEs         ; 2 LEs                ; 2 LEs                  ; Yes        ; |task4|SM1153_uart:inst7|count_colors[2]          ;
; 5:1                ; 2 bits    ; 6 LEs         ; 4 LEs                ; 2 LEs                  ; Yes        ; |task4|SM1153_line_follower:inst1|error[2]        ;
; 6:1                ; 8 bits    ; 32 LEs        ; 8 LEs                ; 24 LEs                 ; Yes        ; |task4|SM1153_line_follower:inst1|motor_a[7]      ;
; 6:1                ; 6 bits    ; 24 LEs        ; 12 LEs               ; 12 LEs                 ; Yes        ; |task4|SM1153_line_follower:inst1|motor_a[6]      ;
; 5:1                ; 6 bits    ; 18 LEs        ; 12 LEs               ; 6 LEs                  ; Yes        ; |task4|SM1153_colour_detection:inst6|blue_temp    ;
; 4:1                ; 5 bits    ; 10 LEs        ; 5 LEs                ; 5 LEs                  ; Yes        ; |task4|SM1153_uart:inst7|next[4]                  ;
; 7:1                ; 32 bits   ; 128 LEs       ; 32 LEs               ; 96 LEs                 ; Yes        ; |task4|SM1153_line_follower:inst1|count_delay[3]  ;
; 5:1                ; 2 bits    ; 6 LEs         ; 4 LEs                ; 2 LEs                  ; Yes        ; |task4|SM1153_colour_detection:inst6|s2_1         ;
; 6:1                ; 3 bits    ; 12 LEs        ; 3 LEs                ; 9 LEs                  ; Yes        ; |task4|SM1153_uart:inst7|r_bit_index[2]           ;
; 6:1                ; 10 bits   ; 40 LEs        ; 10 LEs               ; 30 LEs                 ; Yes        ; |task4|SM1153_uart:inst7|r_clock_count[0]         ;
; 17:1               ; 2 bits    ; 22 LEs        ; 12 LEs               ; 10 LEs                 ; Yes        ; |task4|SM1153_uart:inst7|r_data_bits[3]           ;
; 16:1               ; 2 bits    ; 20 LEs        ; 14 LEs               ; 6 LEs                  ; Yes        ; |task4|SM1153_uart:inst7|r_data_bits[6]           ;
; 16:1               ; 2 bits    ; 20 LEs        ; 12 LEs               ; 8 LEs                  ; Yes        ; |task4|SM1153_uart:inst7|r_data_bits[5]           ;
; 4:1                ; 2 bits    ; 4 LEs         ; 4 LEs                ; 0 LEs                  ; No         ; |task4|SM1153_uart:inst7|r_data_bits              ;
+--------------------+-----------+---------------+----------------------+------------------------+------------+---------------------------------------------------+


+----------------------------------------------------------------------+
; Parameter Settings for User Entity Instance: SM1153_adc_control:inst ;
+----------------+-------+---------------------------------------------+
; Parameter Name ; Value ; Type                                        ;
+----------------+-------+---------------------------------------------+
; DIVISOR        ; 20    ; Signed Integer                              ;
+----------------+-------+---------------------------------------------+
Note: In order to hide this table in the UI and the text report file, please set the "Show Parameter Settings in Synthesis Report" option in "Analysis and Synthesis Settings -> More Settings" to "Off".


+-------------------------------------------------------------------------+
; Parameter Settings for User Entity Instance: SM1153_line_follower:inst1 ;
+----------------+-----------+--------------------------------------------+
; Parameter Name ; Value     ; Type                                       ;
+----------------+-----------+--------------------------------------------+
; thres_lower    ; 300       ; Signed Integer                             ;
; thres_upper    ; 2500      ; Signed Integer                             ;
; IDLE           ; 00        ; Unsigned Binary                            ;
; PID            ; 01        ; Unsigned Binary                            ;
; hold           ; 10        ; Unsigned Binary                            ;
; stop           ; 11        ; Unsigned Binary                            ;
; delay          ; 100000000 ; Signed Integer                             ;
; delay_stop     ; 10000000  ; Signed Integer                             ;
+----------------+-----------+--------------------------------------------+
Note: In order to hide this table in the UI and the text report file, please set the "Show Parameter Settings in Synthesis Report" option in "Analysis and Synthesis Settings -> More Settings" to "Off".


+--------------------------------------------------------------------------+
; Parameter Settings for User Entity Instance: SM1153_node_detection:inst9 ;
+----------------+--------+------------------------------------------------+
; Parameter Name ; Value  ; Type                                           ;
+----------------+--------+------------------------------------------------+
; IDLE           ; 00     ; Unsigned Binary                                ;
; node           ; 01     ; Unsigned Binary                                ;
; rest           ; 10     ; Unsigned Binary                                ;
; delay          ; 100000 ; Signed Integer                                 ;
+----------------+--------+------------------------------------------------+
Note: In order to hide this table in the UI and the text report file, please set the "Show Parameter Settings in Synthesis Report" option in "Analysis and Synthesis Settings -> More Settings" to "Off".


+-------------------------------------------------------------------------+
; Parameter Settings for User Entity Instance: SM1153_PWM_Generator:inst2 ;
+----------------+-------+------------------------------------------------+
; Parameter Name ; Value ; Type                                           ;
+----------------+-------+------------------------------------------------+
; DIVISOR        ; 100   ; Signed Integer                                 ;
+----------------+-------+------------------------------------------------+
Note: In order to hide this table in the UI and the text report file, please set the "Show Parameter Settings in Synthesis Report" option in "Analysis and Synthesis Settings -> More Settings" to "Off".


+-------------------------------------------------------------------------+
; Parameter Settings for User Entity Instance: SM1153_PWM_Generator:inst3 ;
+----------------+-------+------------------------------------------------+
; Parameter Name ; Value ; Type                                           ;
+----------------+-------+------------------------------------------------+
; DIVISOR        ; 100   ; Signed Integer                                 ;
+----------------+-------+------------------------------------------------+
Note: In order to hide this table in the UI and the text report file, please set the "Show Parameter Settings in Synthesis Report" option in "Analysis and Synthesis Settings -> More Settings" to "Off".


+-------------------------------------------------------------------------+
; Parameter Settings for User Entity Instance: SM1153_PWM_Generator:inst4 ;
+----------------+-------+------------------------------------------------+
; Parameter Name ; Value ; Type                                           ;
+----------------+-------+------------------------------------------------+
; DIVISOR        ; 100   ; Signed Integer                                 ;
+----------------+-------+------------------------------------------------+
Note: In order to hide this table in the UI and the text report file, please set the "Show Parameter Settings in Synthesis Report" option in "Analysis and Synthesis Settings -> More Settings" to "Off".


+-------------------------------------------------------------------------+
; Parameter Settings for User Entity Instance: SM1153_PWM_Generator:inst5 ;
+----------------+-------+------------------------------------------------+
; Parameter Name ; Value ; Type                                           ;
+----------------+-------+------------------------------------------------+
; DIVISOR        ; 100   ; Signed Integer                                 ;
+----------------+-------+------------------------------------------------+
Note: In order to hide this table in the UI and the text report file, please set the "Show Parameter Settings in Synthesis Report" option in "Analysis and Synthesis Settings -> More Settings" to "Off".


+----------------------------------------------------------------------------+
; Parameter Settings for User Entity Instance: SM1153_colour_detection:inst6 ;
+----------------+--------+--------------------------------------------------+
; Parameter Name ; Value  ; Type                                             ;
+----------------+--------+--------------------------------------------------+
; delay          ; 100000 ; Signed Integer                                   ;
+----------------+--------+--------------------------------------------------+
Note: In order to hide this table in the UI and the text report file, please set the "Show Parameter Settings in Synthesis Report" option in "Analysis and Synthesis Settings -> More Settings" to "Off".


+----------------------------------------------------------------+
; Parameter Settings for User Entity Instance: SM1153_uart:inst7 ;
+----------------+-------+---------------------------------------+
; Parameter Name ; Value ; Type                                  ;
+----------------+-------+---------------------------------------+
; IDLE           ; 000   ; Unsigned Binary                       ;
; tx_start_bit   ; 001   ; Unsigned Binary                       ;
; tx_data_bit    ; 011   ; Unsigned Binary                       ;
; tx_stop_bit    ; 100   ; Unsigned Binary                       ;
; cleanup        ; 101   ; Unsigned Binary                       ;
; rest           ; 110   ; Unsigned Binary                       ;
; clks_per_bit   ; 434   ; Signed Integer                        ;
+----------------+-------+---------------------------------------+
Note: In order to hide this table in the UI and the text report file, please set the "Show Parameter Settings in Synthesis Report" option in "Analysis and Synthesis Settings -> More Settings" to "Off".


+--------------------------------------------------------------------------------------------+
; Parameter Settings for Inferred Entity Instance: SM1153_line_follower:inst1|lpm_mult:Mult0 ;
+------------------------------------------------+--------------+----------------------------+
; Parameter Name                                 ; Value        ; Type                       ;
+------------------------------------------------+--------------+----------------------------+
; AUTO_CARRY_CHAINS                              ; ON           ; AUTO_CARRY                 ;
; IGNORE_CARRY_BUFFERS                           ; OFF          ; IGNORE_CARRY               ;
; AUTO_CASCADE_CHAINS                            ; ON           ; AUTO_CASCADE               ;
; IGNORE_CASCADE_BUFFERS                         ; OFF          ; IGNORE_CASCADE             ;
; LPM_WIDTHA                                     ; 4            ; Untyped                    ;
; LPM_WIDTHB                                     ; 5            ; Untyped                    ;
; LPM_WIDTHP                                     ; 9            ; Untyped                    ;
; LPM_WIDTHR                                     ; 9            ; Untyped                    ;
; LPM_WIDTHS                                     ; 1            ; Untyped                    ;
; LPM_REPRESENTATION                             ; SIGNED       ; Untyped                    ;
; LPM_PIPELINE                                   ; 0            ; Untyped                    ;
; LATENCY                                        ; 0            ; Untyped                    ;
; INPUT_A_IS_CONSTANT                            ; YES          ; Untyped                    ;
; INPUT_B_IS_CONSTANT                            ; NO           ; Untyped                    ;
; USE_EAB                                        ; OFF          ; Untyped                    ;
; MAXIMIZE_SPEED                                 ; 5            ; Untyped                    ;
; DEVICE_FAMILY                                  ; Cyclone IV E ; Untyped                    ;
; CARRY_CHAIN                                    ; MANUAL       ; Untyped                    ;
; APEX20K_TECHNOLOGY_MAPPER                      ; LUT          ; TECH_MAPPER_APEX20K        ;
; DEDICATED_MULTIPLIER_CIRCUITRY                 ; AUTO         ; Untyped                    ;
; DEDICATED_MULTIPLIER_MIN_INPUT_WIDTH_FOR_AUTO  ; 0            ; Untyped                    ;
; DEDICATED_MULTIPLIER_MIN_OUTPUT_WIDTH_FOR_AUTO ; 0            ; Untyped                    ;
; CBXI_PARAMETER                                 ; NOTHING      ; Untyped                    ;
; INPUT_A_FIXED_VALUE                            ; Bx           ; Untyped                    ;
; INPUT_B_FIXED_VALUE                            ; Bx           ; Untyped                    ;
; USE_AHDL_IMPLEMENTATION                        ; OFF          ; Untyped                    ;
+------------------------------------------------+--------------+----------------------------+
Note: In order to hide this table in the UI and the text report file, please set the "Show Parameter Settings in Synthesis Report" option in "Analysis and Synthesis Settings -> More Settings" to "Off".


+-----------------------------------------------------------------------------------+
; lpm_mult Parameter Settings by Entity Instance                                    ;
+---------------------------------------+-------------------------------------------+
; Name                                  ; Value                                     ;
+---------------------------------------+-------------------------------------------+
; Number of entity instances            ; 1                                         ;
; Entity Instance                       ; SM1153_line_follower:inst1|lpm_mult:Mult0 ;
;     -- LPM_WIDTHA                     ; 4                                         ;
;     -- LPM_WIDTHB                     ; 5                                         ;
;     -- LPM_WIDTHP                     ; 9                                         ;
;     -- LPM_REPRESENTATION             ; SIGNED                                    ;
;     -- INPUT_A_IS_CONSTANT            ; YES                                       ;
;     -- INPUT_B_IS_CONSTANT            ; NO                                        ;
;     -- USE_EAB                        ; OFF                                       ;
;     -- DEDICATED_MULTIPLIER_CIRCUITRY ; AUTO                                      ;
;     -- INPUT_A_FIXED_VALUE            ; Bx                                        ;
;     -- INPUT_B_FIXED_VALUE            ; Bx                                        ;
+---------------------------------------+-------------------------------------------+


+-----------------------------------------------------+
; Post-Synthesis Netlist Statistics for Top Partition ;
+-----------------------+-----------------------------+
; Type                  ; Count                       ;
+-----------------------+-----------------------------+
; boundary_port         ; 88                          ;
; cycloneiii_ff         ; 444                         ;
;     CLR               ; 3                           ;
;     ENA               ; 124                         ;
;     ENA CLR           ; 45                          ;
;     ENA SCLR          ; 69                          ;
;     SCLR              ; 73                          ;
;     plain             ; 130                         ;
; cycloneiii_lcell_comb ; 737                         ;
;     arith             ; 285                         ;
;         2 data inputs ; 251                         ;
;         3 data inputs ; 34                          ;
;     normal            ; 452                         ;
;         0 data inputs ; 4                           ;
;         1 data inputs ; 22                          ;
;         2 data inputs ; 85                          ;
;         3 data inputs ; 114                         ;
;         4 data inputs ; 227                         ;
;                       ;                             ;
; Max LUT depth         ; 6.00                        ;
; Average LUT depth     ; 3.26                        ;
+-----------------------+-----------------------------+


+-------------------------------+
; Elapsed Time Per Partition    ;
+----------------+--------------+
; Partition Name ; Elapsed Time ;
+----------------+--------------+
; Top            ; 00:00:03     ;
+----------------+--------------+


+-------------------------------+
; Analysis & Synthesis Messages ;
+-------------------------------+
Info: *******************************************************************
Info: Running Quartus Prime Analysis & Synthesis
    Info: Version 19.1.0 Build 670 09/22/2019 SJ Lite Edition
    Info: Processing started: Mon Jan 24 19:36:38 2022
Info: Command: quartus_map --read_settings_files=on --write_settings_files=off task4 -c task4
Warning (18236): Number of processors has not been specified which may cause overloading on shared machines.  Set the global assignment NUM_PARALLEL_PROCESSORS in your QSF to an appropriate value for best performance.
Info (20030): Parallel compilation is enabled and will use 8 of the 8 processors detected
Info (12021): Found 1 design units, including 1 entities, in source file sm1153_line_follower.v
    Info (12023): Found entity 1: SM1153_line_follower File: C:/Users/Saksham/Desktop/adc_test/SM#1153_Task4/SM1153_line_follower.v Line: 3
Info (12021): Found 1 design units, including 1 entities, in source file sm1153_node_detection.v
    Info (12023): Found entity 1: SM1153_node_detection File: C:/Users/Saksham/Desktop/adc_test/SM#1153_Task4/SM1153_node_detection.v Line: 1
Info (12021): Found 1 design units, including 1 entities, in source file sm1153_adc_control.v
    Info (12023): Found entity 1: SM1153_adc_control File: C:/Users/Saksham/Desktop/adc_test/SM#1153_Task4/SM1153_adc_control.v Line: 25
Info (12021): Found 1 design units, including 1 entities, in source file sm1153_pwm_generator.v
    Info (12023): Found entity 1: SM1153_PWM_Generator File: C:/Users/Saksham/Desktop/adc_test/SM#1153_Task4/SM1153_PWM_Generator.v Line: 1
Info (12021): Found 1 design units, including 1 entities, in source file sm1153_colour_detection.v
    Info (12023): Found entity 1: SM1153_colour_detection File: C:/Users/Saksham/Desktop/adc_test/SM#1153_Task4/SM1153_colour_detection.v Line: 1
Info (12021): Found 1 design units, including 1 entities, in source file sm1153_uart.v
    Info (12023): Found entity 1: SM1153_uart File: C:/Users/Saksham/Desktop/adc_test/SM#1153_Task4/SM1153_uart.v Line: 20
Info (12021): Found 1 design units, including 1 entities, in source file sm1153_led_output.v
    Info (12023): Found entity 1: SM1153_led_output File: C:/Users/Saksham/Desktop/adc_test/SM#1153_Task4/SM1153_led_output.v Line: 1
Info (12021): Found 1 design units, including 1 entities, in source file task4.bdf
    Info (12023): Found entity 1: task4
Info (12127): Elaborating entity "task4" for the top level hierarchy
Info (12128): Elaborating entity "SM1153_adc_control" for hierarchy "SM1153_adc_control:inst"
Warning (10230): Verilog HDL assignment warning at SM1153_adc_control.v(50): truncated value with size 32 to match size of target (1) File: C:/Users/Saksham/Desktop/adc_test/SM#1153_Task4/SM1153_adc_control.v Line: 50
Warning (10230): Verilog HDL assignment warning at SM1153_adc_control.v(64): truncated value with size 32 to match size of target (5) File: C:/Users/Saksham/Desktop/adc_test/SM#1153_Task4/SM1153_adc_control.v Line: 64
Warning (10230): Verilog HDL assignment warning at SM1153_adc_control.v(81): truncated value with size 32 to match size of target (2) File: C:/Users/Saksham/Desktop/adc_test/SM#1153_Task4/SM1153_adc_control.v Line: 81
Warning (10230): Verilog HDL assignment warning at SM1153_adc_control.v(110): truncated value with size 32 to match size of target (5) File: C:/Users/Saksham/Desktop/adc_test/SM#1153_Task4/SM1153_adc_control.v Line: 110
Info (12128): Elaborating entity "SM1153_line_follower" for hierarchy "SM1153_line_follower:inst1"
Warning (10230): Verilog HDL assignment warning at SM1153_line_follower.v(28): truncated value with size 64 to match size of target (8) File: C:/Users/Saksham/Desktop/adc_test/SM#1153_Task4/SM1153_line_follower.v Line: 28
Warning (10230): Verilog HDL assignment warning at SM1153_line_follower.v(70): truncated value with size 32 to match size of target (8) File: C:/Users/Saksham/Desktop/adc_test/SM#1153_Task4/SM1153_line_follower.v Line: 70
Warning (10230): Verilog HDL assignment warning at SM1153_line_follower.v(85): truncated value with size 32 to match size of target (8) File: C:/Users/Saksham/Desktop/adc_test/SM#1153_Task4/SM1153_line_follower.v Line: 85
Warning (10230): Verilog HDL assignment warning at SM1153_line_follower.v(122): truncated value with size 6 to match size of target (2) File: C:/Users/Saksham/Desktop/adc_test/SM#1153_Task4/SM1153_line_follower.v Line: 122
Info (12128): Elaborating entity "SM1153_node_detection" for hierarchy "SM1153_node_detection:inst9"
Warning (10230): Verilog HDL assignment warning at SM1153_node_detection.v(34): truncated value with size 32 to match size of target (1) File: C:/Users/Saksham/Desktop/adc_test/SM#1153_Task4/SM1153_node_detection.v Line: 34
Warning (10230): Verilog HDL assignment warning at SM1153_node_detection.v(35): truncated value with size 32 to match size of target (6) File: C:/Users/Saksham/Desktop/adc_test/SM#1153_Task4/SM1153_node_detection.v Line: 35
Warning (10230): Verilog HDL assignment warning at SM1153_node_detection.v(50): truncated value with size 32 to match size of target (8) File: C:/Users/Saksham/Desktop/adc_test/SM#1153_Task4/SM1153_node_detection.v Line: 50
Info (12128): Elaborating entity "SM1153_PWM_Generator" for hierarchy "SM1153_PWM_Generator:inst2"
Warning (10036): Verilog HDL or VHDL warning at SM1153_PWM_Generator.v(15): object "counter_1" assigned a value but never read File: C:/Users/Saksham/Desktop/adc_test/SM#1153_Task4/SM1153_PWM_Generator.v Line: 15
Warning (10230): Verilog HDL assignment warning at SM1153_PWM_Generator.v(21): truncated value with size 32 to match size of target (1) File: C:/Users/Saksham/Desktop/adc_test/SM#1153_Task4/SM1153_PWM_Generator.v Line: 21
Warning (10230): Verilog HDL assignment warning at SM1153_PWM_Generator.v(38): truncated value with size 32 to match size of target (13) File: C:/Users/Saksham/Desktop/adc_test/SM#1153_Task4/SM1153_PWM_Generator.v Line: 38
Info (12128): Elaborating entity "SM1153_led_output" for hierarchy "SM1153_led_output:inst8"
Info (12128): Elaborating entity "SM1153_colour_detection" for hierarchy "SM1153_colour_detection:inst6"
Warning (10230): Verilog HDL assignment warning at SM1153_colour_detection.v(50): truncated value with size 32 to match size of target (4) File: C:/Users/Saksham/Desktop/adc_test/SM#1153_Task4/SM1153_colour_detection.v Line: 50
Warning (10230): Verilog HDL assignment warning at SM1153_colour_detection.v(100): truncated value with size 32 to match size of target (16) File: C:/Users/Saksham/Desktop/adc_test/SM#1153_Task4/SM1153_colour_detection.v Line: 100
Warning (10230): Verilog HDL assignment warning at SM1153_colour_detection.v(104): truncated value with size 32 to match size of target (16) File: C:/Users/Saksham/Desktop/adc_test/SM#1153_Task4/SM1153_colour_detection.v Line: 104
Warning (10230): Verilog HDL assignment warning at SM1153_colour_detection.v(107): truncated value with size 32 to match size of target (16) File: C:/Users/Saksham/Desktop/adc_test/SM#1153_Task4/SM1153_colour_detection.v Line: 107
Info (12128): Elaborating entity "SM1153_uart" for hierarchy "SM1153_uart:inst7"
Warning (10230): Verilog HDL assignment warning at SM1153_uart.v(138): truncated value with size 32 to match size of target (1) File: C:/Users/Saksham/Desktop/adc_test/SM#1153_Task4/SM1153_uart.v Line: 138
Warning (10230): Verilog HDL assignment warning at SM1153_uart.v(139): truncated value with size 32 to match size of target (3) File: C:/Users/Saksham/Desktop/adc_test/SM#1153_Task4/SM1153_uart.v Line: 139
Info (278001): Inferred 1 megafunctions from design logic
    Info (278003): Inferred multiplier megafunction ("lpm_mult") from the following logic: "SM1153_line_follower:inst1|Mult0" File: C:/Users/Saksham/Desktop/adc_test/SM#1153_Task4/SM1153_line_follower.v Line: 134
Info (12130): Elaborated megafunction instantiation "SM1153_line_follower:inst1|lpm_mult:Mult0" File: C:/Users/Saksham/Desktop/adc_test/SM#1153_Task4/SM1153_line_follower.v Line: 134
Info (12133): Instantiated megafunction "SM1153_line_follower:inst1|lpm_mult:Mult0" with the following parameter: File: C:/Users/Saksham/Desktop/adc_test/SM#1153_Task4/SM1153_line_follower.v Line: 134
    Info (12134): Parameter "LPM_WIDTHA" = "4"
    Info (12134): Parameter "LPM_WIDTHB" = "5"
    Info (12134): Parameter "LPM_WIDTHP" = "9"
    Info (12134): Parameter "LPM_WIDTHR" = "9"
    Info (12134): Parameter "LPM_WIDTHS" = "1"
    Info (12134): Parameter "LPM_REPRESENTATION" = "SIGNED"
    Info (12134): Parameter "INPUT_A_IS_CONSTANT" = "YES"
    Info (12134): Parameter "INPUT_B_IS_CONSTANT" = "NO"
    Info (12134): Parameter "MAXIMIZE_SPEED" = "5"
Info (12131): Elaborated megafunction instantiation "SM1153_line_follower:inst1|lpm_mult:Mult0|multcore:mult_core", which is child of megafunction instantiation "SM1153_line_follower:inst1|lpm_mult:Mult0" File: c:/intelfpga_lite/19.1/quartus/libraries/megafunctions/lpm_mult.tdf Line: 309
Info (12131): Elaborated megafunction instantiation "SM1153_line_follower:inst1|lpm_mult:Mult0|multcore:mult_core|mpar_add:padder", which is child of megafunction instantiation "SM1153_line_follower:inst1|lpm_mult:Mult0" File: c:/intelfpga_lite/19.1/quartus/libraries/megafunctions/multcore.tdf Line: 229
Info (12131): Elaborated megafunction instantiation "SM1153_line_follower:inst1|lpm_mult:Mult0|multcore:mult_core|mpar_add:padder|lpm_add_sub:adder[0]", which is child of megafunction instantiation "SM1153_line_follower:inst1|lpm_mult:Mult0" File: c:/intelfpga_lite/19.1/quartus/libraries/megafunctions/mpar_add.tdf Line: 115
Info (12021): Found 1 design units, including 1 entities, in source file db/add_sub_1jh.tdf
    Info (12023): Found entity 1: add_sub_1jh File: C:/Users/Saksham/Desktop/adc_test/SM#1153_Task4/db/add_sub_1jh.tdf Line: 23
Info (12131): Elaborated megafunction instantiation "SM1153_line_follower:inst1|lpm_mult:Mult0|altshift:external_latency_ffs", which is child of megafunction instantiation "SM1153_line_follower:inst1|lpm_mult:Mult0" File: c:/intelfpga_lite/19.1/quartus/libraries/megafunctions/lpm_mult.tdf Line: 352
Warning (13024): Output pins are stuck at VCC or GND
    Warning (13410): Pin "adc_cs_n" is stuck at GND
    Warning (13410): Pin "red2" is stuck at GND
    Warning (13410): Pin "green2" is stuck at GND
    Warning (13410): Pin "red3" is stuck at GND
    Warning (13410): Pin "blue3" is stuck at GND
    Warning (13410): Pin "green1" is stuck at GND
    Warning (13410): Pin "blue1" is stuck at GND
    Warning (13410): Pin "s0" is stuck at VCC
    Warning (13410): Pin "s1" is stuck at VCC
    Warning (13410): Pin "counter_temp[3]" is stuck at GND
Info (286030): Timing-Driven Synthesis is running
Info (17049): 18 registers lost all their fanouts during netlist optimizations.
Info (144001): Generated suppressed messages file C:/Users/Saksham/Desktop/adc_test/SM#1153_Task4/output_files/task4.map.smsg
Info (16010): Generating hard_block partition "hard_block:auto_generated_inst"
    Info (16011): Adding 0 node(s), including 0 DDIO, 0 PLL, 0 transceiver and 0 LCELL
Info (21057): Implemented 878 device resources after synthesis - the final resource count might be different
    Info (21058): Implemented 3 input pins
    Info (21059): Implemented 85 output pins
    Info (21061): Implemented 790 logic cells
Info: Quartus Prime Analysis & Synthesis was successful. 0 errors, 32 warnings
    Info: Peak virtual memory: 4813 megabytes
    Info: Processing ended: Mon Jan 24 19:36:57 2022
    Info: Elapsed time: 00:00:19
    Info: Total CPU time (on all processors): 00:00:40


+------------------------------------------+
; Analysis & Synthesis Suppressed Messages ;
+------------------------------------------+
The suppressed messages can be found in C:/Users/Saksham/Desktop/adc_test/SM#1153_Task4/output_files/task4.map.smsg.


